<?xml version="1.0" encoding="UTF-8"?>
<!-- Generated by org.testng.reporters.JUnitXMLReporter -->
<testsuite ignored="0" hostname="Lauras-MacBook-Pro.local" failures="1" tests="3" name="Login Tests - Chrome" time="48.143" errors="0" timestamp="2021-08-15T11:50:38 CST">
  <testcase classname="selenium.TestAccount" name="Test_Create_New_Account" time="8.307">
    <failure type="java.lang.AssertionError" message="expected [Your Account Has Been Created!] but found [Register Account]">
      <![CDATA[java.lang.AssertionError: expected [Your Account Has Been Created!] but found [Register Account]
at selenium.TestAccount.Test_Create_New_Account(TestAccount.java:82)
at java.base/java.util.ArrayList.forEach(ArrayList.java:1511)
... Removed 36 stack frames]]>
    </failure>
  </testcase> <!-- Test_Create_New_Account -->
  <testcase classname="selenium.TestAccount" name="Test_Login_Successful" time="8.736"/>
  <testcase classname="selenium.TestAccount" name="Test_Login_Unsuccessful" time="4.083"/>
</testsuite> <!-- Login Tests - Chrome -->
