<!DOCTYPE html PUBLIC "-//W3C//DTD XHTML 1.1//EN" "http://www.w3.org/TR/xhtml11/DTD/xhtml11.dtd">
<html xmlns="http://www.w3.org/1999/xhtml">
<head>
<meta http-equiv="content-type" content="text/html; charset=UTF-8"/>
<title>TestNG Report</title>
<style type="text/css">table {margin-bottom:10px;border-collapse:collapse;empty-cells:show}th,td {border:1px solid #009;padding:.25em .5em}th {vertical-align:bottom}td {vertical-align:top}table a {font-weight:bold}.stripe td {background-color: #E6EBF9}.num {text-align:right}.passedodd td {background-color: #3F3}.passedeven td {background-color: #0A0}.skippedodd td {background-color: #DDD}.skippedeven td {background-color: #CCC}.failedodd td,.attn {background-color: #F33}.failedeven td,.stripe .attn {background-color: #D00}.stacktrace {white-space:pre;font-family:monospace}.totop {font-size:85%;text-align:center;border-bottom:2px solid #000}.invisible {display:none}</style>
</head>
<body>
<table>
<tr><th>Test</th><th># Passed</th><th># Skipped</th><th># Retried</th><th># Failed</th><th>Time (ms)</th><th>Included Groups</th><th>Excluded Groups</th></tr>
<tr><th colspan="7">Account Tests</th></tr>
<tr><td><a href="#t0">Login Tests - Chrome</a></td><td class="num">2</td><td class="num">0</td><td class="num">0</td><td class="num attn">1</td><td class="num">48,143</td><td></td><td></td></tr>
<tr class="stripe"><td><a href="#t1">Search Tests - Firefox</a></td><td class="num">3</td><td class="num">0</td><td class="num">0</td><td class="num attn">2</td><td class="num">51,605</td><td></td><td></td></tr>
<tr><th>Total</th><th class="num">5</th><th class="num">0</th><th class="num">0</th><th class="num attn">3</th><th class="num">99,748</th><th colspan="2"></th></tr>
</table>
<table id='summary'><thead><tr><th>Class</th><th>Method</th><th>Start</th><th>Time (ms)</th></tr></thead><tbody><tr><th colspan="4">Account Tests</th></tr></tbody><tbody id="t0"><tr><th colspan="4">Login Tests - Chrome &#8212; failed</th></tr><tr class="failedeven"><td rowspan="1">selenium.TestAccount</td><td><a href="#m0">Test_Create_New_Account</a></td><td rowspan="1">1629049798805</td><td rowspan="1">8307</td></tr><tr><th colspan="4">Login Tests - Chrome &#8212; passed</th></tr><tr class="passedeven"><td rowspan="2">selenium.TestAccount</td><td><a href="#m1">Test_Login_Successful</a></td><td rowspan="1">1629049812523</td><td rowspan="1">8736</td></tr><tr class="passedeven"><td><a href="#m2">Test_Login_Unsuccessful</a></td><td rowspan="1">1629049834010</td><td rowspan="1">4083</td></tr></tbody>
<tbody id="t1"><tr><th colspan="4">Search Tests - Firefox &#8212; failed</th></tr><tr class="failedeven"><td rowspan="2">selenium.TestSearch</td><td><a href="#m3">Test_Empty_Results</a></td><td rowspan="1">1629049846572</td><td rowspan="1">72</td></tr><tr class="failedeven"><td><a href="#m4">Validate_Search</a></td><td rowspan="1">1629049889142</td><td rowspan="1">50</td></tr><tr><th colspan="4">Search Tests - Firefox &#8212; passed</th></tr><tr class="passedeven"><td rowspan="3">selenium.TestSearch</td><td><a href="#m5">Test_Search_WithData</a></td><td rowspan="3">1629049865410</td><td rowspan="3">1578</td></tr><tr class="passedeven"><td><a href="#m6">Test_Search_WithData</a></td></tr><tr class="passedeven"><td><a href="#m7">Test_Search_WithData</a></td></tr></tbody>
</table>
<h2>Login Tests - Chrome</h2><h3 id="m0">selenium.TestAccount#Test_Create_New_Account</h3><table class="result"><tr><th>Exception</th></tr><tr><td><div class="stacktrace">java.lang.AssertionError: expected [Your Account Has Been Created!] but found [Register Account]
	at selenium.TestAccount.Test_Create_New_Account(TestAccount.java:82)
	at java.base/java.util.ArrayList.forEach(ArrayList.java:1511)
... Removed 36 stack frames</div></td></tr></table><p class="totop"><a href="#summary">back to summary</a></p>
<h3 id="m1">selenium.TestAccount#Test_Login_Successful</h3><table class="result"><tr><th class="invisible"/></tr></table><p class="totop"><a href="#summary">back to summary</a></p>
<h3 id="m2">selenium.TestAccount#Test_Login_Unsuccessful</h3><table class="result"><tr><th class="invisible"/></tr></table><p class="totop"><a href="#summary">back to summary</a></p>
<h2>Search Tests - Firefox</h2><h3 id="m3">selenium.TestSearch#Test_Empty_Results</h3><table class="result"><tr><th>Exception</th></tr><tr><td><div class="stacktrace">java.lang.AssertionError: Expecting 0 results, but got 4 expected [0] but found [4]
	at selenium.TestSearch.Test_Empty_Results(TestSearch.java:45)
	at java.base/java.util.ArrayList.forEach(ArrayList.java:1511)
... Removed 35 stack frames</div></td></tr></table><p class="totop"><a href="#summary">back to summary</a></p>
<h3 id="m4">selenium.TestSearch#Validate_Search</h3><table class="result"><tr class="param"><th>Parameter #1</th><th>Parameter #2</th></tr><tr class="param stripe"><td>iphone</td><td>1</td></tr><tr><th colspan="2">Exception</th></tr><tr><td colspan="2"><div class="stacktrace">java.lang.AssertionError: did not expect to find [true] but found [false]
	at selenium.TestSearch.Validate_Search(TestSearch.java:23)
	at java.base/java.util.ArrayList.forEach(ArrayList.java:1511)
... Removed 35 stack frames</div></td></tr></table><p class="totop"><a href="#summary">back to summary</a></p>
<h3 id="m5">selenium.TestSearch#Test_Search_WithData</h3><table class="result"><tr class="param"><th>Parameter #1</th></tr><tr class="param stripe"><td>pojo.SearchData@49e62b17</td></tr></table><p class="totop"><a href="#summary">back to summary</a></p>
<h3 id="m6">selenium.TestSearch#Test_Search_WithData</h3><table class="result"><tr class="param"><th>Parameter #1</th></tr><tr class="param stripe"><td>pojo.SearchData@20184ade</td></tr></table><p class="totop"><a href="#summary">back to summary</a></p>
<h3 id="m7">selenium.TestSearch#Test_Search_WithData</h3><table class="result"><tr class="param"><th>Parameter #1</th></tr><tr class="param stripe"><td>pojo.SearchData@986b619</td></tr></table><p class="totop"><a href="#summary">back to summary</a></p>
</body>
</html>
