<?xml version="1.0" encoding="UTF-8"?>
<testng-results ignored="0" total="8" passed="5" failed="3" skipped="0">
  <reporter-output>
  </reporter-output>
  <suite started-at="2021-08-15T11:49:50 CST" name="Account Tests" finished-at="2021-08-15T11:51:30 CST" duration-ms="99770">
    <groups>
    </groups>
    <test started-at="2021-08-15T11:49:50 CST" name="Login Tests - Chrome" finished-at="2021-08-15T11:50:38 CST" duration-ms="48143">
      <class name="selenium.TestAccount">
        <test-method is-config="true" signature="beforeMethod(java.lang.String)[pri:0, instance:selenium.TestAccount@18ca3c62]" started-at="2021-08-15T11:49:50 CST" name="beforeMethod" finished-at="2021-08-15T11:49:58 CST" duration-ms="8208" status="PASS">
          <params>
            <param index="0">
              <value>
                <![CDATA[chrome]]>
              </value>
            </param>
          </params>
          <reporter-output>
          </reporter-output>
        </test-method> <!-- beforeMethod -->
        <test-method signature="Test_Create_New_Account()[pri:0, instance:selenium.TestAccount@18ca3c62]" started-at="2021-08-15T11:49:58 CST" name="Test_Create_New_Account" finished-at="2021-08-15T11:50:07 CST" duration-ms="8307" status="FAIL">
          <exception class="java.lang.AssertionError">
            <message>
              <![CDATA[expected [Your Account Has Been Created!] but found [Register Account]]]>
            </message>
            <full-stacktrace>
              <![CDATA[java.lang.AssertionError: expected [Your Account Has Been Created!] but found [Register Account]
at org.testng.Assert.fail(Assert.java:97)
at org.testng.Assert.assertEqualsImpl(Assert.java:136)
at org.testng.Assert.assertEquals(Assert.java:118)
at org.testng.Assert.assertEquals(Assert.java:575)
at org.testng.Assert.assertEquals(Assert.java:585)
at selenium.TestAccount.Test_Create_New_Account(TestAccount.java:82)
at java.base/jdk.internal.reflect.NativeMethodAccessorImpl.invoke0(Native Method)
at java.base/jdk.internal.reflect.NativeMethodAccessorImpl.invoke(NativeMethodAccessorImpl.java:78)
at java.base/jdk.internal.reflect.DelegatingMethodAccessorImpl.invoke(DelegatingMethodAccessorImpl.java:43)
at java.base/java.lang.reflect.Method.invoke(Method.java:567)
at org.testng.internal.MethodInvocationHelper.invokeMethod(MethodInvocationHelper.java:133)
at org.testng.internal.TestInvoker.invokeMethod(TestInvoker.java:584)
at org.testng.internal.TestInvoker.invokeTestMethod(TestInvoker.java:172)
at org.testng.internal.MethodRunner.runInSequence(MethodRunner.java:46)
at org.testng.internal.TestInvoker$MethodInvocationAgent.invoke(TestInvoker.java:804)
at org.testng.internal.TestInvoker.invokeTestMethods(TestInvoker.java:145)
at org.testng.internal.TestMethodWorker.invokeTestMethods(TestMethodWorker.java:146)
at org.testng.internal.TestMethodWorker.run(TestMethodWorker.java:128)
at java.base/java.util.ArrayList.forEach(ArrayList.java:1511)
at org.testng.TestRunner.privateRun(TestRunner.java:770)
at org.testng.TestRunner.run(TestRunner.java:591)
at org.testng.SuiteRunner.runTest(SuiteRunner.java:402)
at org.testng.SuiteRunner.runSequentially(SuiteRunner.java:396)
at org.testng.SuiteRunner.privateRun(SuiteRunner.java:355)
at org.testng.SuiteRunner.run(SuiteRunner.java:304)
at org.testng.SuiteRunnerWorker.runSuite(SuiteRunnerWorker.java:53)
at org.testng.SuiteRunnerWorker.run(SuiteRunnerWorker.java:96)
at org.testng.TestNG.runSuitesSequentially(TestNG.java:1180)
at org.testng.TestNG.runSuitesLocally(TestNG.java:1102)
at org.testng.TestNG.runSuites(TestNG.java:1032)
at org.testng.TestNG.run(TestNG.java:1000)
at org.apache.maven.surefire.testng.TestNGExecutor.run(TestNGExecutor.java:283)
at org.apache.maven.surefire.testng.TestNGXmlTestSuite.execute(TestNGXmlTestSuite.java:75)
at org.apache.maven.surefire.testng.TestNGProvider.invoke(TestNGProvider.java:120)
at org.apache.maven.surefire.booter.ForkedBooter.invokeProviderInSameClassLoader(ForkedBooter.java:383)
at org.apache.maven.surefire.booter.ForkedBooter.runSuitesInProcess(ForkedBooter.java:344)
at org.apache.maven.surefire.booter.ForkedBooter.execute(ForkedBooter.java:125)
at org.apache.maven.surefire.booter.ForkedBooter.main(ForkedBooter.java:417)
]]>
            </full-stacktrace>
          </exception> <!-- java.lang.AssertionError -->
          <reporter-output>
          </reporter-output>
        </test-method> <!-- Test_Create_New_Account -->
        <test-method is-config="true" signature="AfterMethod()[pri:0, instance:selenium.TestAccount@18ca3c62]" started-at="2021-08-15T11:50:07 CST" name="AfterMethod" finished-at="2021-08-15T11:50:07 CST" duration-ms="535" status="PASS">
          <reporter-output>
          </reporter-output>
        </test-method> <!-- AfterMethod -->
        <test-method is-config="true" signature="beforeMethod(java.lang.String)[pri:0, instance:selenium.TestAccount@18ca3c62]" started-at="2021-08-15T11:50:07 CST" name="beforeMethod" finished-at="2021-08-15T11:50:12 CST" duration-ms="4838" status="PASS">
          <params>
            <param index="0">
              <value>
                <![CDATA[chrome]]>
              </value>
            </param>
          </params>
          <reporter-output>
          </reporter-output>
        </test-method> <!-- beforeMethod -->
        <test-method signature="Test_Login_Successful()[pri:0, instance:selenium.TestAccount@18ca3c62]" started-at="2021-08-15T11:50:12 CST" name="Test_Login_Successful" description="Test Login Success" finished-at="2021-08-15T11:50:21 CST" duration-ms="8736" status="PASS">
          <reporter-output>
          </reporter-output>
        </test-method> <!-- Test_Login_Successful -->
        <test-method is-config="true" signature="AfterMethod()[pri:0, instance:selenium.TestAccount@18ca3c62]" started-at="2021-08-15T11:50:21 CST" name="AfterMethod" finished-at="2021-08-15T11:50:21 CST" duration-ms="509" status="PASS">
          <reporter-output>
          </reporter-output>
        </test-method> <!-- AfterMethod -->
        <test-method is-config="true" signature="beforeMethod(java.lang.String)[pri:0, instance:selenium.TestAccount@18ca3c62]" started-at="2021-08-15T11:50:21 CST" name="beforeMethod" finished-at="2021-08-15T11:50:34 CST" duration-ms="12230" status="PASS">
          <params>
            <param index="0">
              <value>
                <![CDATA[chrome]]>
              </value>
            </param>
          </params>
          <reporter-output>
          </reporter-output>
        </test-method> <!-- beforeMethod -->
        <test-method signature="Test_Login_Unsuccessful()[pri:0, instance:selenium.TestAccount@18ca3c62]" started-at="2021-08-15T11:50:34 CST" name="Test_Login_Unsuccessful" description="Test Login Not Success" finished-at="2021-08-15T11:50:38 CST" duration-ms="4083" status="PASS">
          <reporter-output>
          </reporter-output>
        </test-method> <!-- Test_Login_Unsuccessful -->
        <test-method is-config="true" signature="AfterMethod()[pri:0, instance:selenium.TestAccount@18ca3c62]" started-at="2021-08-15T11:50:38 CST" name="AfterMethod" finished-at="2021-08-15T11:50:38 CST" duration-ms="492" status="PASS">
          <reporter-output>
          </reporter-output>
        </test-method> <!-- AfterMethod -->
      </class> <!-- selenium.TestAccount -->
    </test> <!-- Login Tests - Chrome -->
    <test started-at="2021-08-15T11:50:38 CST" name="Search Tests - Firefox" finished-at="2021-08-15T11:51:30 CST" duration-ms="51605">
      <class name="selenium.TestSearch">
        <test-method is-config="true" signature="beforeMethod(java.lang.String)[pri:0, instance:selenium.TestSearch@20921b9b]" started-at="2021-08-15T11:50:38 CST" name="beforeMethod" finished-at="2021-08-15T11:50:46 CST" duration-ms="7959" status="PASS">
          <params>
            <param index="0">
              <value>
                <![CDATA[firefox]]>
              </value>
            </param>
          </params>
          <reporter-output>
          </reporter-output>
        </test-method> <!-- beforeMethod -->
        <test-method signature="Test_Empty_Results()[pri:0, instance:selenium.TestSearch@20921b9b]" started-at="2021-08-15T11:50:46 CST" name="Test_Empty_Results" finished-at="2021-08-15T11:50:46 CST" duration-ms="72" status="FAIL">
          <exception class="java.lang.AssertionError">
            <message>
              <![CDATA[Expecting 0 results, but got 4 expected [0] but found [4]]]>
            </message>
            <full-stacktrace>
              <![CDATA[java.lang.AssertionError: Expecting 0 results, but got 4 expected [0] but found [4]
at org.testng.Assert.fail(Assert.java:97)
at org.testng.Assert.assertEqualsImpl(Assert.java:136)
at org.testng.Assert.assertEquals(Assert.java:118)
at org.testng.Assert.assertEquals(Assert.java:839)
at selenium.TestSearch.Test_Empty_Results(TestSearch.java:45)
at java.base/jdk.internal.reflect.NativeMethodAccessorImpl.invoke0(Native Method)
at java.base/jdk.internal.reflect.NativeMethodAccessorImpl.invoke(NativeMethodAccessorImpl.java:78)
at java.base/jdk.internal.reflect.DelegatingMethodAccessorImpl.invoke(DelegatingMethodAccessorImpl.java:43)
at java.base/java.lang.reflect.Method.invoke(Method.java:567)
at org.testng.internal.MethodInvocationHelper.invokeMethod(MethodInvocationHelper.java:133)
at org.testng.internal.TestInvoker.invokeMethod(TestInvoker.java:584)
at org.testng.internal.TestInvoker.invokeTestMethod(TestInvoker.java:172)
at org.testng.internal.MethodRunner.runInSequence(MethodRunner.java:46)
at org.testng.internal.TestInvoker$MethodInvocationAgent.invoke(TestInvoker.java:804)
at org.testng.internal.TestInvoker.invokeTestMethods(TestInvoker.java:145)
at org.testng.internal.TestMethodWorker.invokeTestMethods(TestMethodWorker.java:146)
at org.testng.internal.TestMethodWorker.run(TestMethodWorker.java:128)
at java.base/java.util.ArrayList.forEach(ArrayList.java:1511)
at org.testng.TestRunner.privateRun(TestRunner.java:770)
at org.testng.TestRunner.run(TestRunner.java:591)
at org.testng.SuiteRunner.runTest(SuiteRunner.java:402)
at org.testng.SuiteRunner.runSequentially(SuiteRunner.java:396)
at org.testng.SuiteRunner.privateRun(SuiteRunner.java:355)
at org.testng.SuiteRunner.run(SuiteRunner.java:304)
at org.testng.SuiteRunnerWorker.runSuite(SuiteRunnerWorker.java:53)
at org.testng.SuiteRunnerWorker.run(SuiteRunnerWorker.java:96)
at org.testng.TestNG.runSuitesSequentially(TestNG.java:1180)
at org.testng.TestNG.runSuitesLocally(TestNG.java:1102)
at org.testng.TestNG.runSuites(TestNG.java:1032)
at org.testng.TestNG.run(TestNG.java:1000)
at org.apache.maven.surefire.testng.TestNGExecutor.run(TestNGExecutor.java:283)
at org.apache.maven.surefire.testng.TestNGXmlTestSuite.execute(TestNGXmlTestSuite.java:75)
at org.apache.maven.surefire.testng.TestNGProvider.invoke(TestNGProvider.java:120)
at org.apache.maven.surefire.booter.ForkedBooter.invokeProviderInSameClassLoader(ForkedBooter.java:383)
at org.apache.maven.surefire.booter.ForkedBooter.runSuitesInProcess(ForkedBooter.java:344)
at org.apache.maven.surefire.booter.ForkedBooter.execute(ForkedBooter.java:125)
at org.apache.maven.surefire.booter.ForkedBooter.main(ForkedBooter.java:417)
]]>
            </full-stacktrace>
          </exception> <!-- java.lang.AssertionError -->
          <reporter-output>
          </reporter-output>
        </test-method> <!-- Test_Empty_Results -->
        <test-method is-config="true" signature="AfterMethod()[pri:0, instance:selenium.TestSearch@20921b9b]" started-at="2021-08-15T11:50:46 CST" name="AfterMethod" finished-at="2021-08-15T11:50:47 CST" duration-ms="964" status="PASS">
          <reporter-output>
          </reporter-output>
        </test-method> <!-- AfterMethod -->
        <test-method is-config="true" signature="beforeMethod(java.lang.String)[pri:0, instance:selenium.TestSearch@20921b9b]" started-at="2021-08-15T11:50:47 CST" name="beforeMethod" finished-at="2021-08-15T11:50:55 CST" duration-ms="8067" status="PASS">
          <params>
            <param index="0">
              <value>
                <![CDATA[firefox]]>
              </value>
            </param>
          </params>
          <reporter-output>
          </reporter-output>
        </test-method> <!-- beforeMethod -->
        <test-method signature="Test_Search_WithData(pojo.SearchData)[pri:0, instance:selenium.TestSearch@20921b9b]" started-at="2021-08-15T11:50:55 CST" name="Test_Search_WithData" data-provider="getSearchDataFromJson" finished-at="2021-08-15T11:50:58 CST" duration-ms="2455" status="PASS">
          <params>
            <param index="0">
              <value>
                <![CDATA[pojo.SearchData@986b619]]>
              </value>
            </param>
          </params>
          <reporter-output>
          </reporter-output>
        </test-method> <!-- Test_Search_WithData -->
        <test-method is-config="true" signature="AfterMethod()[pri:0, instance:selenium.TestSearch@20921b9b]" started-at="2021-08-15T11:50:58 CST" name="AfterMethod" finished-at="2021-08-15T11:50:59 CST" duration-ms="909" status="PASS">
          <reporter-output>
          </reporter-output>
        </test-method> <!-- AfterMethod -->
        <test-method is-config="true" signature="beforeMethod(java.lang.String)[pri:0, instance:selenium.TestSearch@20921b9b]" started-at="2021-08-15T11:50:59 CST" name="beforeMethod" finished-at="2021-08-15T11:51:05 CST" duration-ms="6242" status="PASS">
          <params>
            <param index="0">
              <value>
                <![CDATA[firefox]]>
              </value>
            </param>
          </params>
          <reporter-output>
          </reporter-output>
        </test-method> <!-- beforeMethod -->
        <test-method signature="Test_Search_WithData(pojo.SearchData)[pri:0, instance:selenium.TestSearch@20921b9b]" started-at="2021-08-15T11:51:05 CST" name="Test_Search_WithData" data-provider="getSearchDataFromJson" finished-at="2021-08-15T11:51:06 CST" duration-ms="1578" status="PASS">
          <params>
            <param index="0">
              <value>
                <![CDATA[pojo.SearchData@49e62b17]]>
              </value>
            </param>
          </params>
          <reporter-output>
          </reporter-output>
        </test-method> <!-- Test_Search_WithData -->
        <test-method is-config="true" signature="AfterMethod()[pri:0, instance:selenium.TestSearch@20921b9b]" started-at="2021-08-15T11:51:06 CST" name="AfterMethod" finished-at="2021-08-15T11:51:07 CST" duration-ms="795" status="PASS">
          <reporter-output>
          </reporter-output>
        </test-method> <!-- AfterMethod -->
        <test-method is-config="true" signature="beforeMethod(java.lang.String)[pri:0, instance:selenium.TestSearch@20921b9b]" started-at="2021-08-15T11:51:07 CST" name="beforeMethod" finished-at="2021-08-15T11:51:16 CST" duration-ms="8425" status="PASS">
          <params>
            <param index="0">
              <value>
                <![CDATA[firefox]]>
              </value>
            </param>
          </params>
          <reporter-output>
          </reporter-output>
        </test-method> <!-- beforeMethod -->
        <test-method signature="Test_Search_WithData(pojo.SearchData)[pri:0, instance:selenium.TestSearch@20921b9b]" started-at="2021-08-15T11:51:16 CST" name="Test_Search_WithData" data-provider="getSearchDataFromJson" finished-at="2021-08-15T11:51:18 CST" duration-ms="2124" status="PASS">
          <params>
            <param index="0">
              <value>
                <![CDATA[pojo.SearchData@20184ade]]>
              </value>
            </param>
          </params>
          <reporter-output>
          </reporter-output>
        </test-method> <!-- Test_Search_WithData -->
        <test-method is-config="true" signature="AfterMethod()[pri:0, instance:selenium.TestSearch@20921b9b]" started-at="2021-08-15T11:51:18 CST" name="AfterMethod" finished-at="2021-08-15T11:51:19 CST" duration-ms="815" status="PASS">
          <reporter-output>
          </reporter-output>
        </test-method> <!-- AfterMethod -->
        <test-method is-config="true" signature="beforeMethod(java.lang.String)[pri:0, instance:selenium.TestSearch@20921b9b]" started-at="2021-08-15T11:51:19 CST" name="beforeMethod" finished-at="2021-08-15T11:51:29 CST" duration-ms="9949" status="PASS">
          <params>
            <param index="0">
              <value>
                <![CDATA[firefox]]>
              </value>
            </param>
          </params>
          <reporter-output>
          </reporter-output>
        </test-method> <!-- beforeMethod -->
        <test-method signature="Validate_Search(java.lang.String, java.lang.String)[pri:0, instance:selenium.TestSearch@20921b9b]" started-at="2021-08-15T11:51:29 CST" name="Validate_Search" finished-at="2021-08-15T11:51:29 CST" duration-ms="50" status="FAIL">
          <params>
            <param index="0">
              <value>
                <![CDATA[iphone]]>
              </value>
            </param>
            <param index="1">
              <value>
                <![CDATA[1]]>
              </value>
            </param>
          </params>
          <exception class="java.lang.AssertionError">
            <message>
              <![CDATA[did not expect to find [true] but found [false]]]>
            </message>
            <full-stacktrace>
              <![CDATA[java.lang.AssertionError: did not expect to find [true] but found [false]
at org.testng.Assert.fail(Assert.java:97)
at org.testng.Assert.failNotEquals(Assert.java:969)
at org.testng.Assert.assertTrue(Assert.java:43)
at org.testng.Assert.assertTrue(Assert.java:53)
at selenium.TestSearch.Validate_Search(TestSearch.java:23)
at java.base/jdk.internal.reflect.NativeMethodAccessorImpl.invoke0(Native Method)
at java.base/jdk.internal.reflect.NativeMethodAccessorImpl.invoke(NativeMethodAccessorImpl.java:78)
at java.base/jdk.internal.reflect.DelegatingMethodAccessorImpl.invoke(DelegatingMethodAccessorImpl.java:43)
at java.base/java.lang.reflect.Method.invoke(Method.java:567)
at org.testng.internal.MethodInvocationHelper.invokeMethod(MethodInvocationHelper.java:133)
at org.testng.internal.TestInvoker.invokeMethod(TestInvoker.java:584)
at org.testng.internal.TestInvoker.invokeTestMethod(TestInvoker.java:172)
at org.testng.internal.MethodRunner.runInSequence(MethodRunner.java:46)
at org.testng.internal.TestInvoker$MethodInvocationAgent.invoke(TestInvoker.java:804)
at org.testng.internal.TestInvoker.invokeTestMethods(TestInvoker.java:145)
at org.testng.internal.TestMethodWorker.invokeTestMethods(TestMethodWorker.java:146)
at org.testng.internal.TestMethodWorker.run(TestMethodWorker.java:128)
at java.base/java.util.ArrayList.forEach(ArrayList.java:1511)
at org.testng.TestRunner.privateRun(TestRunner.java:770)
at org.testng.TestRunner.run(TestRunner.java:591)
at org.testng.SuiteRunner.runTest(SuiteRunner.java:402)
at org.testng.SuiteRunner.runSequentially(SuiteRunner.java:396)
at org.testng.SuiteRunner.privateRun(SuiteRunner.java:355)
at org.testng.SuiteRunner.run(SuiteRunner.java:304)
at org.testng.SuiteRunnerWorker.runSuite(SuiteRunnerWorker.java:53)
at org.testng.SuiteRunnerWorker.run(SuiteRunnerWorker.java:96)
at org.testng.TestNG.runSuitesSequentially(TestNG.java:1180)
at org.testng.TestNG.runSuitesLocally(TestNG.java:1102)
at org.testng.TestNG.runSuites(TestNG.java:1032)
at org.testng.TestNG.run(TestNG.java:1000)
at org.apache.maven.surefire.testng.TestNGExecutor.run(TestNGExecutor.java:283)
at org.apache.maven.surefire.testng.TestNGXmlTestSuite.execute(TestNGXmlTestSuite.java:75)
at org.apache.maven.surefire.testng.TestNGProvider.invoke(TestNGProvider.java:120)
at org.apache.maven.surefire.booter.ForkedBooter.invokeProviderInSameClassLoader(ForkedBooter.java:383)
at org.apache.maven.surefire.booter.ForkedBooter.runSuitesInProcess(ForkedBooter.java:344)
at org.apache.maven.surefire.booter.ForkedBooter.execute(ForkedBooter.java:125)
at org.apache.maven.surefire.booter.ForkedBooter.main(ForkedBooter.java:417)
]]>
            </full-stacktrace>
          </exception> <!-- java.lang.AssertionError -->
          <reporter-output>
          </reporter-output>
        </test-method> <!-- Validate_Search -->
        <test-method is-config="true" signature="AfterMethod()[pri:0, instance:selenium.TestSearch@20921b9b]" started-at="2021-08-15T11:51:29 CST" name="AfterMethod" finished-at="2021-08-15T11:51:30 CST" duration-ms="1016" status="PASS">
          <reporter-output>
          </reporter-output>
        </test-method> <!-- AfterMethod -->
      </class> <!-- selenium.TestSearch -->
    </test> <!-- Search Tests - Firefox -->
  </suite> <!-- Account Tests -->
</testng-results>
